<?xml version="1.0" encoding="UTF-8"?>
<!-- Generated by org.testng.reporters.JUnitReportReporter -->
<testsuite skipped="0" hostname="Vaibhav" name="com.amazon.logintest.Pomlogintest" tests="2" failures="0" timestamp="2023-03-20T19:07:59 IST" time="24.853" errors="0">
  <testcase name="loginpage" time="19.088" classname="com.amazon.logintest.Pomlogintest"/>
  <system-out/>
  <testcase name="verifyelements" time="5.765" classname="com.amazon.logintest.Pomlogintest"/>
  <system-out/>
</testsuite> <!-- com.amazon.logintest.Pomlogintest -->
