<?xml version="1.0" encoding="UTF-8"?>
<!-- Generated by org.testng.reporters.JUnitReportReporter -->
<testsuite skipped="0" hostname="Vaibhav" name="Verify" tests="1" failures="0" timestamp="2023-03-16T00:17:52 IST" time="19.646" errors="0">
  <testcase name="verify" time="19.646" classname="Verify"/>
  <system-out/>
</testsuite> <!-- Verify -->
