<?xml version="1.0" encoding="UTF-8"?>
<!-- Generated by org.testng.reporters.JUnitReportReporter -->
<testsuite skipped="0" hostname="Vaibhav" name="Testnglogin" tests="1" failures="0" timestamp="2023-03-14T23:45:45 IST" time="23.121" errors="0">
  <testcase name="loginpage" time="23.121" classname="Testnglogin"/>
  <system-out/>
</testsuite> <!-- Testnglogin -->
